mode: set
github.com/olhavasylievadev/hotel-booking/cmd/web/main.go:22.13,24.16 2 0
github.com/olhavasylievadev/hotel-booking/cmd/web/main.go:28.2,36.16 4 0
github.com/olhavasylievadev/hotel-booking/cmd/web/main.go:24.16,26.3 1 0
github.com/olhavasylievadev/hotel-booking/cmd/web/main.go:36.16,38.3 1 0
github.com/olhavasylievadev/hotel-booking/cmd/web/main.go:41.18,57.16 10 1
github.com/olhavasylievadev/hotel-booking/cmd/web/main.go:62.2,69.12 6 1
github.com/olhavasylievadev/hotel-booking/cmd/web/main.go:57.16,60.3 2 0
github.com/olhavasylievadev/hotel-booking/cmd/web/middleware.go:9.45,20.2 3 1
github.com/olhavasylievadev/hotel-booking/cmd/web/middleware.go:23.50,25.2 1 1
github.com/olhavasylievadev/hotel-booking/cmd/web/routes.go:11.49,36.2 18 1
